<?xml version="1.0" encoding="UTF-8"?>
<testsuites name="jest tests" tests="2" failures="0" errors="0" time="14.993">
  <testsuite name="post.test.ts" errors="0" failures="0" skipped="0" timestamp="2020-12-31T14:34:11" time="8.604" tests="1">
    <testcase classname=" getAllPostIds should return ids" name=" getAllPostIds should return ids" time="0.004">
    </testcase>
  </testsuite>
  <testsuite name="date.test.tsx" errors="0" failures="0" skipped="0" timestamp="2020-12-31T14:34:11" time="9.856" tests="1">
    <testcase classname=" Date component should return formatted date" name=" Date component should return formatted date" time="0.062">
    </testcase>
  </testsuite>
</testsuites>